Arguments: 
  /usr/local/bin/node /opt/facebook/fb-kpm/bin/yarn.js add react-typeform-embed

PATH: 
  /opt/facebook/bin:/usr/local/bin:/usr/bin:/bin:/usr/sbin:/sbin:/opt/homebrew/bin:/opt/facebook/ops/scripts/chef:/opt/facebook/nuclide/latest/nuclide/pkg/fb-on-demand-cli/bin:/opt/facebook/nuclide/latest/nuclide/pkg/fb-biggrep-cli/bin:/usr/local/munki:/opt/facebook/hg/bin:/usr/local/mongodb/bin

Yarn version: 
  1.5.1

Node version: 
  8.11.3

Platform: 
  darwin x64

npm manifest: 
  {
    "name": "mern-secure",
    "version": "0.1.0",
    "private": true,
    "scripts": {
      "start": "if-env NODE_ENV=production && yarn run start:prod || yarn run start:dev",
      "start:prod": "node app.js",
      "start:dev": "concurrently \"nodemon app.js --ignore 'client/*'\" \"yarn run frontend\"",
      "build": "cd client && yarn run build",
      "install": "cd client && yarn install",
      "frontend": "cd client && yarn start",
      "heroku-postbuild": "cd client && yarn && yarn run build"
    },
    "dependencies": {
      "axios": "^0.18.0",
      "bcrypt-nodejs": "0.0.3",
      "bluebird": "^3.5.1",
      "body-parser": "^1.18.2",
      "chart.js": "^2.7.2",
      "concurrently": "^3.6.0",
      "express": "^4.16.3",
      "if-env": "^1.0.4",
      "jsonwebtoken": "^8.1.1",
      "mongoose": "^5.0.6",
      "morgan": "^1.9.0",
      "passport": "^0.4.0",
      "passport-jwt": "^3.0.1",
      "prop-types": "^15.6.2",
      "rc-slider": "^8.6.1",
      "react": "^16.4.1",
      "react-bootstrap": "^0.32.1",
      "react-bootstrap-slider": "^2.1.5",
      "react-chartjs": "^1.2.0",
      "react-chartjs-2": "^2.7.2",
      "react-dom": "^16.4.1",
      "react-easy-chart": "^1.0.0",
      "react-rangeslider": "^2.2.0",
      "resize-observer-polyfill": "^1.5.0",
      "serve-favicon": "^2.4.5"
    },
    "devDependencies": {
      "bootstrap": "^3.3.7",
      "nodemon": "^1.18.1"
    },
    "engines": {
      "node": "10.1.0",
      "yarn": "1.7.0"
    }
  }

yarn manifest: 
  No manifest

Lockfile: 
  No lockfile

Trace: 
  Error: Found incompatible module
      at new MessageError (/opt/facebook/fb-kpm/lib/cli.js:186:110)
      at Object.checkOne (/opt/facebook/fb-kpm/lib/cli.js:62444:11)
      at /opt/facebook/fb-kpm/lib/cli.js:22773:75
      at Generator.next (<anonymous>)
      at step (/opt/facebook/fb-kpm/lib/cli.js:98:30)
      at /opt/facebook/fb-kpm/lib/cli.js:116:14
      at new Promise (<anonymous>)
      at new F (/opt/facebook/fb-kpm/lib/cli.js:23451:28)
      at /opt/facebook/fb-kpm/lib/cli.js:95:12
      at /opt/facebook/fb-kpm/lib/cli.js:22777:27
